EDA Netlist Writer report for LimeSDR-Mini_lms7_lelec210x
Wed Nov 08 03:16:41 2023
Quartus Prime Version 18.1.0 Build 625 09/12/2018 SJ Standard Edition


---------------------
; Table of Contents ;
---------------------
  1. Legal Notice
  2. EDA Netlist Writer Summary
  3. Simulation Settings
  4. Simulation Generated Files
  5. EDA Netlist Writer Messages



----------------
; Legal Notice ;
----------------
Copyright (C) 2018  Intel Corporation. All rights reserved.
Your use of Intel Corporation's design tools, logic functions 
and other software and tools, and its AMPP partner logic 
functions, and any output files from any of the foregoing 
(including device programming or simulation files), and any 
associated documentation or information are expressly subject 
to the terms and conditions of the Intel Program License 
Subscription Agreement, the Intel Quartus Prime License Agreement,
the Intel FPGA IP License Agreement, or other applicable license
agreement, including, without limitation, that your use is for
the sole purpose of programming logic devices manufactured by
Intel and sold by Intel or its authorized distributors.  Please
refer to the applicable agreement for further details.



+-------------------------------------------------------------------+
; EDA Netlist Writer Summary                                        ;
+---------------------------+---------------------------------------+
; EDA Netlist Writer Status ; Successful - Wed Nov 08 03:16:41 2023 ;
; Revision Name             ; LimeSDR-Mini_lms7_lelec210x           ;
; Top-level Entity Name     ; lms7_trx_top                          ;
; Family                    ; MAX 10                                ;
; Simulation Files Creation ; Successful                            ;
+---------------------------+---------------------------------------+


+----------------------------------------------------------------------------------------------------------------------------+
; Simulation Settings                                                                                                        ;
+---------------------------------------------------------------------------------------------------+------------------------+
; Option                                                                                            ; Setting                ;
+---------------------------------------------------------------------------------------------------+------------------------+
; Tool Name                                                                                         ; ModelSim-Altera (VHDL) ;
; Generate functional simulation netlist                                                            ; Off                    ;
; Time scale                                                                                        ; 1 ps                   ;
; Truncate long hierarchy paths                                                                     ; Off                    ;
; Map illegal HDL characters                                                                        ; Off                    ;
; Flatten buses into individual nodes                                                               ; Off                    ;
; Maintain hierarchy                                                                                ; Off                    ;
; Bring out device-wide set/reset signals as ports                                                  ; Off                    ;
; Enable glitch filtering                                                                           ; Off                    ;
; Do not write top level VHDL entity                                                                ; Off                    ;
; Disable detection of setup and hold time violations in the input registers of bi-directional pins ; Off                    ;
; Architecture name in VHDL output netlist                                                          ; structure              ;
; Generate third-party EDA tool command script for RTL functional simulation                        ; Off                    ;
; Generate third-party EDA tool command script for gate-level simulation                            ; Off                    ;
+---------------------------------------------------------------------------------------------------+------------------------+


+------------------------------------------------------------------------------------------------------------------------------------------+
; Simulation Generated Files                                                                                                               ;
+------------------------------------------------------------------------------------------------------------------------------------------+
; Generated Files                                                                                                                          ;
+------------------------------------------------------------------------------------------------------------------------------------------+
; D:/Pol/Documents/Courses/LELEC2102/Github/LELEC210X/fpga/LimeSDR-Mini_lms7_lelec210x/simulation/modelsim/LimeSDR-Mini_lms7_lelec210x.vho ;
+------------------------------------------------------------------------------------------------------------------------------------------+


+-----------------------------+
; EDA Netlist Writer Messages ;
+-----------------------------+
Info: *******************************************************************
Info: Running Quartus Prime EDA Netlist Writer
    Info: Version 18.1.0 Build 625 09/12/2018 SJ Standard Edition
    Info: Processing started: Wed Nov 08 03:15:40 2023
Info: Command: quartus_eda --read_settings_files=off --write_settings_files=off LimeSDR-Mini_lms7_lelec210x -c LimeSDR-Mini_lms7_lelec210x
Warning (125092): Tcl Script File lms_auto_dsp/synthesis/lms_auto_dsp.qip not found
    Info (125063): set_global_assignment -name QIP_FILE lms_auto_dsp/synthesis/lms_auto_dsp.qip
Warning (10905): Generated the EDA functional simulation netlist because it is the only supported netlist type for this device.
Info (204019): Generated file LimeSDR-Mini_lms7_lelec210x.vho in folder "D:/Pol/Documents/Courses/LELEC2102/Github/LELEC210X/fpga/LimeSDR-Mini_lms7_lelec210x/simulation/modelsim/" for EDA simulation tool
Info: Quartus Prime EDA Netlist Writer was successful. 0 errors, 2 warnings
    Info: Peak virtual memory: 4825 megabytes
    Info: Processing ended: Wed Nov 08 03:16:42 2023
    Info: Elapsed time: 00:01:02
    Info: Total CPU time (on all processors): 00:00:01


