Assembler report for LimeSDR-Mini_lms7_lelec210x
<<<<<<< HEAD
Wed Nov 13 16:49:11 2024
=======
Wed Nov 13 17:55:42 2024
>>>>>>> 4554853f3b505ad080345c9cf6e6bc270ab7ac57
Quartus Prime Version 18.1.0 Build 625 09/12/2018 SJ Lite Edition


---------------------
; Table of Contents ;
---------------------
  1. Legal Notice
  2. Assembler Summary
  3. Assembler Settings
  4. Assembler Encrypted IP Cores Summary
  5. Assembler Generated Files
<<<<<<< HEAD
  6. Assembler Device Options: C:/Dev/GIT/LELEC210X_GROUP_E/fpga/LimeSDR-Mini_lms7_lelec210x/output_files/LimeSDR-Mini_lms7_lelec210x.sof
=======
  6. Assembler Device Options: C:/Users/vicky/Documents/LELEC210X_GROUP_E/fpga/LimeSDR-Mini_lms7_lelec210x/output_files/LimeSDR-Mini_lms7_lelec210x.sof
>>>>>>> 4554853f3b505ad080345c9cf6e6bc270ab7ac57
  7. Assembler Messages



----------------
; Legal Notice ;
----------------
Copyright (C) 2018  Intel Corporation. All rights reserved.
Your use of Intel Corporation's design tools, logic functions 
and other software and tools, and its AMPP partner logic 
functions, and any output files from any of the foregoing 
(including device programming or simulation files), and any 
associated documentation or information are expressly subject 
to the terms and conditions of the Intel Program License 
Subscription Agreement, the Intel Quartus Prime License Agreement,
the Intel FPGA IP License Agreement, or other applicable license
agreement, including, without limitation, that your use is for
the sole purpose of programming logic devices manufactured by
Intel and sold by Intel or its authorized distributors.  Please
refer to the applicable agreement for further details.



+---------------------------------------------------------------+
; Assembler Summary                                             ;
+-----------------------+---------------------------------------+
<<<<<<< HEAD
; Assembler Status      ; Successful - Wed Nov 13 16:49:11 2024 ;
=======
; Assembler Status      ; Successful - Wed Nov 13 17:55:42 2024 ;
>>>>>>> 4554853f3b505ad080345c9cf6e6bc270ab7ac57
; Revision Name         ; LimeSDR-Mini_lms7_lelec210x           ;
; Top-level Entity Name ; lms7_trx_top                          ;
; Family                ; MAX 10                                ;
; Device                ; 10M16SAU169C8G                        ;
+-----------------------+---------------------------------------+


+----------------------------------+
; Assembler Settings               ;
+--------+---------+---------------+
; Option ; Setting ; Default Value ;
+--------+---------+---------------+


+------------------------------------------------+
; Assembler Encrypted IP Cores Summary           ;
+--------+------------------------+--------------+
; Vendor ; IP Core Name           ; License Type ;
+--------+------------------------+--------------+
; Altera ; Unknown (6AF7 2013)    ; Licensed     ;
; Altera ; Signal Tap (6AF7 BCE1) ; Licensed     ;
; Altera ; Signal Tap (6AF7 BCEC) ; Licensed     ;
; Altera ; Unknown (6AF7 FFFF)    ; Licensed     ;
+--------+------------------------+--------------+


<<<<<<< HEAD
+------------------------------------------------------------------------------------------------------------+
; Assembler Generated Files                                                                                  ;
+------------------------------------------------------------------------------------------------------------+
; File Name                                                                                                  ;
+------------------------------------------------------------------------------------------------------------+
; C:/Dev/GIT/LELEC210X_GROUP_E/fpga/LimeSDR-Mini_lms7_lelec210x/output_files/LimeSDR-Mini_lms7_lelec210x.sof ;
+------------------------------------------------------------------------------------------------------------+


+--------------------------------------------------------------------------------------------------------------------------------------+
; Assembler Device Options: C:/Dev/GIT/LELEC210X_GROUP_E/fpga/LimeSDR-Mini_lms7_lelec210x/output_files/LimeSDR-Mini_lms7_lelec210x.sof ;
+----------------+---------------------------------------------------------------------------------------------------------------------+
; Option         ; Setting                                                                                                             ;
+----------------+---------------------------------------------------------------------------------------------------------------------+
; JTAG usercode  ; 0x008624CC                                                                                                          ;
; Checksum       ; 0x008624CC                                                                                                          ;
+----------------+---------------------------------------------------------------------------------------------------------------------+
=======
+--------------------------------------------------------------------------------------------------------------------------+
; Assembler Generated Files                                                                                                ;
+--------------------------------------------------------------------------------------------------------------------------+
; File Name                                                                                                                ;
+--------------------------------------------------------------------------------------------------------------------------+
; C:/Users/vicky/Documents/LELEC210X_GROUP_E/fpga/LimeSDR-Mini_lms7_lelec210x/output_files/LimeSDR-Mini_lms7_lelec210x.sof ;
+--------------------------------------------------------------------------------------------------------------------------+


+----------------------------------------------------------------------------------------------------------------------------------------------------+
; Assembler Device Options: C:/Users/vicky/Documents/LELEC210X_GROUP_E/fpga/LimeSDR-Mini_lms7_lelec210x/output_files/LimeSDR-Mini_lms7_lelec210x.sof ;
+----------------+-----------------------------------------------------------------------------------------------------------------------------------+
; Option         ; Setting                                                                                                                           ;
+----------------+-----------------------------------------------------------------------------------------------------------------------------------+
; JTAG usercode  ; 0x00867CEF                                                                                                                        ;
; Checksum       ; 0x00867CEF                                                                                                                        ;
+----------------+-----------------------------------------------------------------------------------------------------------------------------------+
>>>>>>> 4554853f3b505ad080345c9cf6e6bc270ab7ac57


+--------------------+
; Assembler Messages ;
+--------------------+
Info: *******************************************************************
Info: Running Quartus Prime Assembler
    Info: Version 18.1.0 Build 625 09/12/2018 SJ Lite Edition
<<<<<<< HEAD
    Info: Processing started: Wed Nov 13 16:49:07 2024
=======
    Info: Processing started: Wed Nov 13 17:55:39 2024
>>>>>>> 4554853f3b505ad080345c9cf6e6bc270ab7ac57
Info: Command: quartus_asm --read_settings_files=off --write_settings_files=off LimeSDR-Mini_lms7_lelec210x -c LimeSDR-Mini_lms7_lelec210x
Warning (125092): Tcl Script File lms_auto_dsp/synthesis/lms_auto_dsp.qip not found
    Info (125063): set_global_assignment -name QIP_FILE lms_auto_dsp/synthesis/lms_auto_dsp.qip
Info (115031): Writing out detailed assembly data for power analysis
Info (115030): Assembler is generating device programming files
Info: Quartus Prime Assembler was successful. 0 errors, 1 warning
<<<<<<< HEAD
    Info: Peak virtual memory: 4738 megabytes
    Info: Processing ended: Wed Nov 13 16:49:12 2024
    Info: Elapsed time: 00:00:05
    Info: Total CPU time (on all processors): 00:00:02
=======
    Info: Peak virtual memory: 4734 megabytes
    Info: Processing ended: Wed Nov 13 17:55:42 2024
    Info: Elapsed time: 00:00:03
    Info: Total CPU time (on all processors): 00:00:03
>>>>>>> 4554853f3b505ad080345c9cf6e6bc270ab7ac57


